<?xml version="1.0" encoding="UTF-8"?>
<coverage generated="1539867344047" clover="3.2.0">
  <project timestamp="1539867344047" name="All files">
    <metrics statements="50" coveredstatements="50" conditionals="28" coveredconditionals="26" methods="31" coveredmethods="31" elements="109" coveredelements="107" complexity="0" loc="50" ncloc="50" packages="1" files="1" classes="1">
      <file name="index.ts" path="/Users/sloop/code/rich-text-html-renderer/src/index.ts">
        <metrics statements="50" coveredstatements="50" conditionals="28" coveredconditionals="26" methods="31" coveredmethods="31"/>
        <line num="16" count="21" type="stmt"/>
        <line num="17" count="1" type="stmt"/>
        <line num="18" count="1" type="stmt"/>
        <line num="19" count="1" type="stmt"/>
        <line num="20" count="1" type="stmt"/>
        <line num="21" count="1" type="stmt"/>
        <line num="22" count="1" type="stmt"/>
        <line num="23" count="1" type="stmt"/>
        <line num="24" count="1" type="stmt"/>
        <line num="25" count="1" type="stmt"/>
        <line num="26" count="4" type="stmt"/>
        <line num="27" count="1" type="stmt"/>
        <line num="28" count="1" type="stmt"/>
        <line num="29" count="1" type="stmt"/>
        <line num="30" count="1" type="stmt"/>
        <line num="31" count="1" type="stmt"/>
        <line num="32" count="2" type="stmt"/>
        <line num="36" count="1" type="stmt"/>
        <line num="37" count="1" type="stmt"/>
        <line num="38" count="1" type="stmt"/>
        <line num="39" count="1" type="stmt"/>
        <line num="42" count="1" type="stmt"/>
        <line num="43" count="3" type="stmt"/>
        <line num="76" count="37" type="cond" truecount="2" falsecount="0"/>
        <line num="129" count="19" type="stmt"/>
        <line num="131" count="26" type="stmt"/>
        <line num="133" count="26" type="stmt"/>
        <line num="137" count="26" type="cond" truecount="4" falsecount="0"/>
        <line num="138" count="2" type="stmt"/>
        <line num="140" count="24" type="stmt"/>
        <line num="141" count="24" type="cond" truecount="2" falsecount="0"/>
        <line num="142" count="24" type="cond" truecount="2" falsecount="0"/>
        <line num="143" count="24" type="stmt"/>
        <line num="150" count="50" type="cond" truecount="2" falsecount="0"/>
        <line num="151" count="26" type="stmt"/>
        <line num="163" count="64" type="stmt"/>
        <line num="164" count="79" type="stmt"/>
        <line num="167" count="158" type="cond" truecount="2" falsecount="2"/>
        <line num="168" count="79" type="cond" truecount="2" falsecount="0"/>
        <line num="169" count="36" type="cond" truecount="2" falsecount="0"/>
        <line num="170" count="6" type="stmt"/>
        <line num="171" count="6" type="cond" truecount="2" falsecount="0"/>
        <line num="172" count="1" type="stmt"/>
        <line num="174" count="5" type="stmt"/>
        <line num="178" count="30" type="stmt"/>
        <line num="180" count="43" type="stmt"/>
        <line num="181" count="43" type="cond" truecount="4" falsecount="0"/>
        <line num="183" count="1" type="stmt"/>
        <line num="185" count="42" type="stmt"/>
        <line num="190" count="113" type="stmt"/>
      </file>
    </metrics>
  </project>
</coverage>
