{"/Users/sloop/code/rich-text-html-renderer/src/index.ts": {"path":"/Users/sloop/code/rich-text-html-renderer/src/index.ts","statementMap":{"0":{"start":{"line":16,"column":38},"end":{"line":16,"column":68}},"1":{"start":{"line":17,"column":38},"end":{"line":17,"column":70}},"2":{"start":{"line":18,"column":38},"end":{"line":18,"column":70}},"3":{"start":{"line":19,"column":38},"end":{"line":19,"column":70}},"4":{"start":{"line":20,"column":38},"end":{"line":20,"column":70}},"5":{"start":{"line":21,"column":38},"end":{"line":21,"column":70}},"6":{"start":{"line":22,"column":38},"end":{"line":22,"column":70}},"7":{"start":{"line":23,"column":43},"end":{"line":23,"column":77}},"8":{"start":{"line":24,"column":36},"end":{"line":24,"column":68}},"9":{"start":{"line":25,"column":36},"end":{"line":25,"column":68}},"10":{"start":{"line":26,"column":38},"end":{"line":26,"column":70}},"11":{"start":{"line":27,"column":34},"end":{"line":27,"column":82}},"12":{"start":{"line":28,"column":21},"end":{"line":28,"column":28}},"13":{"start":{"line":29,"column":37},"end":{"line":29,"column":81}},"14":{"start":{"line":30,"column":37},"end":{"line":30,"column":81}},"15":{"start":{"line":31,"column":36},"end":{"line":31,"column":79}},"16":{"start":{"line":32,"column":39},"end":{"line":32,"column":93}},"17":{"start":{"line":36,"column":24},"end":{"line":36,"column":40}},"18":{"start":{"line":37,"column":26},"end":{"line":37,"column":42}},"19":{"start":{"line":38,"column":29},"end":{"line":38,"column":45}},"20":{"start":{"line":39,"column":24},"end":{"line":39,"column":46}},"21":{"start":{"line":42,"column":29},"end":{"line":43,"column":61}},"22":{"start":{"line":43,"column":2},"end":{"line":43,"column":61}},"23":{"start":{"line":76,"column":59},"end":{"line":76,"column":85}},"24":{"start":{"line":129,"column":2},"end":{"line":147,"column":4}},"25":{"start":{"line":131,"column":25},"end":{"line":131,"column":37}},"26":{"start":{"line":133,"column":8},"end":{"line":135,"column":58}},"27":{"start":{"line":137,"column":6},"end":{"line":144,"column":7}},"28":{"start":{"line":138,"column":8},"end":{"line":138,"column":25}},"29":{"start":{"line":140,"column":25},"end":{"line":140,"column":48}},"30":{"start":{"line":141,"column":38},"end":{"line":141,"column":67}},"31":{"start":{"line":142,"column":24},"end":{"line":142,"column":65}},"32":{"start":{"line":143,"column":8},"end":{"line":143,"column":51}},"33":{"start":{"line":150,"column":52},"end":{"line":150,"column":82}},"34":{"start":{"line":151,"column":2},"end":{"line":160,"column":5}},"35":{"start":{"line":163,"column":66},"end":{"line":163,"column":76}},"36":{"start":{"line":163,"column":78},"end":{"line":163,"column":88}},"37":{"start":{"line":164,"column":2},"end":{"line":164,"column":96}},"38":{"start":{"line":164,"column":35},"end":{"line":164,"column":85}},"39":{"start":{"line":167,"column":54},"end":{"line":167,"column":69}},"40":{"start":{"line":167,"column":71},"end":{"line":167,"column":86}},"41":{"start":{"line":168,"column":2},"end":{"line":186,"column":3}},"42":{"start":{"line":169,"column":4},"end":{"line":176,"column":5}},"43":{"start":{"line":170,"column":6},"end":{"line":175,"column":21}},"44":{"start":{"line":171,"column":8},"end":{"line":173,"column":9}},"45":{"start":{"line":172,"column":10},"end":{"line":172,"column":23}},"46":{"start":{"line":174,"column":8},"end":{"line":174,"column":44}},"47":{"start":{"line":178,"column":4},"end":{"line":178,"column":22}},"48":{"start":{"line":180,"column":27},"end":{"line":180,"column":91}},"49":{"start":{"line":180,"column":36},"end":{"line":180,"column":91}},"50":{"start":{"line":181,"column":4},"end":{"line":184,"column":5}},"51":{"start":{"line":183,"column":6},"end":{"line":183,"column":16}},"52":{"start":{"line":185,"column":4},"end":{"line":185,"column":68}},"53":{"start":{"line":190,"column":2},"end":{"line":190,"column":34}}},"fnMap":{"0":{"name":"(anonymous_1)","decl":{"start":{"line":16,"column":22},"end":{"line":16,"column":22}},"loc":{"start":{"line":16,"column":33},"end":{"line":16,"column":68}}},"1":{"name":"(anonymous_2)","decl":{"start":{"line":17,"column":22},"end":{"line":17,"column":22}},"loc":{"start":{"line":17,"column":33},"end":{"line":17,"column":70}}},"2":{"name":"(anonymous_3)","decl":{"start":{"line":18,"column":22},"end":{"line":18,"column":22}},"loc":{"start":{"line":18,"column":33},"end":{"line":18,"column":70}}},"3":{"name":"(anonymous_4)","decl":{"start":{"line":19,"column":22},"end":{"line":19,"column":22}},"loc":{"start":{"line":19,"column":33},"end":{"line":19,"column":70}}},"4":{"name":"(anonymous_5)","decl":{"start":{"line":20,"column":22},"end":{"line":20,"column":22}},"loc":{"start":{"line":20,"column":33},"end":{"line":20,"column":70}}},"5":{"name":"(anonymous_6)","decl":{"start":{"line":21,"column":22},"end":{"line":21,"column":22}},"loc":{"start":{"line":21,"column":33},"end":{"line":21,"column":70}}},"6":{"name":"(anonymous_7)","decl":{"start":{"line":22,"column":22},"end":{"line":22,"column":22}},"loc":{"start":{"line":22,"column":33},"end":{"line":22,"column":70}}},"7":{"name":"(anonymous_8)","decl":{"start":{"line":23,"column":27},"end":{"line":23,"column":27}},"loc":{"start":{"line":23,"column":38},"end":{"line":23,"column":77}}},"8":{"name":"(anonymous_9)","decl":{"start":{"line":24,"column":20},"end":{"line":24,"column":20}},"loc":{"start":{"line":24,"column":31},"end":{"line":24,"column":68}}},"9":{"name":"(anonymous_10)","decl":{"start":{"line":25,"column":20},"end":{"line":25,"column":20}},"loc":{"start":{"line":25,"column":31},"end":{"line":25,"column":68}}},"10":{"name":"(anonymous_11)","decl":{"start":{"line":26,"column":22},"end":{"line":26,"column":22}},"loc":{"start":{"line":26,"column":33},"end":{"line":26,"column":70}}},"11":{"name":"(anonymous_12)","decl":{"start":{"line":27,"column":18},"end":{"line":27,"column":18}},"loc":{"start":{"line":27,"column":29},"end":{"line":27,"column":82}}},"12":{"name":"(anonymous_13)","decl":{"start":{"line":28,"column":15},"end":{"line":28,"column":20}},"loc":{"start":{"line":28,"column":15},"end":{"line":28,"column":28}}},"13":{"name":"(anonymous_14)","decl":{"start":{"line":29,"column":29},"end":{"line":29,"column":28}},"loc":{"start":{"line":29,"column":33},"end":{"line":29,"column":81}}},"14":{"name":"(anonymous_15)","decl":{"start":{"line":30,"column":29},"end":{"line":30,"column":28}},"loc":{"start":{"line":30,"column":33},"end":{"line":30,"column":81}}},"15":{"name":"(anonymous_16)","decl":{"start":{"line":31,"column":28},"end":{"line":31,"column":27}},"loc":{"start":{"line":31,"column":32},"end":{"line":31,"column":79}}},"16":{"name":"(anonymous_17)","decl":{"start":{"line":32,"column":23},"end":{"line":32,"column":23}},"loc":{"start":{"line":32,"column":34},"end":{"line":32,"column":93}}},"17":{"name":"(anonymous_18)","decl":{"start":{"line":36,"column":16},"end":{"line":36,"column":15}},"loc":{"start":{"line":36,"column":20},"end":{"line":36,"column":40}}},"18":{"name":"(anonymous_19)","decl":{"start":{"line":37,"column":18},"end":{"line":37,"column":17}},"loc":{"start":{"line":37,"column":22},"end":{"line":37,"column":42}}},"19":{"name":"(anonymous_20)","decl":{"start":{"line":38,"column":21},"end":{"line":38,"column":20}},"loc":{"start":{"line":38,"column":25},"end":{"line":38,"column":45}}},"20":{"name":"(anonymous_21)","decl":{"start":{"line":39,"column":16},"end":{"line":39,"column":15}},"loc":{"start":{"line":39,"column":20},"end":{"line":39,"column":46}}},"21":{"name":"(anonymous_22)","decl":{"start":{"line":42,"column":29},"end":{"line":42,"column":29}},"loc":{"start":{"line":42,"column":61},"end":{"line":43,"column":61}}},"22":{"name":"documentToPlainTextString","decl":{"start":{"line":76,"column":6},"end":{"line":76,"column":41}},"loc":{"start":{"line":76,"column":85},"end":{"line":148,"column":1}}},"23":{"name":"(anonymous_24)","decl":{"start":{"line":130,"column":4},"end":{"line":130,"column":4}},"loc":{"start":{"line":130,"column":59},"end":{"line":145,"column":5}}},"24":{"name":"documentToHtmlString","decl":{"start":{"line":150,"column":6},"end":{"line":150,"column":36}},"loc":{"start":{"line":150,"column":82},"end":{"line":161,"column":1}}},"25":{"name":"nodeListToHtmlString","decl":{"start":{"line":163,"column":0},"end":{"line":163,"column":29}},"loc":{"start":{"line":163,"column":99},"end":{"line":165,"column":1}}},"26":{"name":"(anonymous_27)","decl":{"start":{"line":164,"column":27},"end":{"line":164,"column":26}},"loc":{"start":{"line":164,"column":31},"end":{"line":164,"column":85}}},"27":{"name":"nodeToHtmlString","decl":{"start":{"line":167,"column":0},"end":{"line":167,"column":25}},"loc":{"start":{"line":167,"column":97},"end":{"line":187,"column":1}}},"28":{"name":"(anonymous_29)","decl":{"start":{"line":170,"column":31},"end":{"line":170,"column":31}},"loc":{"start":{"line":170,"column":57},"end":{"line":175,"column":7}}},"29":{"name":"(anonymous_30)","decl":{"start":{"line":180,"column":27},"end":{"line":180,"column":26}},"loc":{"start":{"line":180,"column":32},"end":{"line":180,"column":91}}},"30":{"name":"isText","decl":{"start":{"line":189,"column":0},"end":{"line":189,"column":15}},"loc":{"start":{"line":189,"column":40},"end":{"line":191,"column":1}}}},"branchMap":{"0":{"loc":{"start":{"line":76,"column":59},"end":{"line":76,"column":85}},"type":"if","locations":[{"start":{"line":76,"column":59},"end":{"line":76,"column":85}},{"start":{"line":76,"column":59},"end":{"line":76,"column":85}}]},"1":{"loc":{"start":{"line":134,"column":13},"end":{"line":134,"column":32}},"type":"cond-expr","locations":[{"start":{"line":134,"column":13},"end":{"line":134,"column":32}},{"start":{"line":135,"column":12},"end":{"line":135,"column":58}}]},"2":{"loc":{"start":{"line":137,"column":6},"end":{"line":144,"column":7}},"type":"if","locations":[{"start":{"line":137,"column":6},"end":{"line":144,"column":7}},{"start":{"line":137,"column":6},"end":{"line":144,"column":7}}]},"3":{"loc":{"start":{"line":137,"column":10},"end":{"line":137,"column":21}},"type":"binary-expr","locations":[{"start":{"line":137,"column":10},"end":{"line":137,"column":21}},{"start":{"line":137,"column":25},"end":{"line":137,"column":46}}]},"4":{"loc":{"start":{"line":141,"column":38},"end":{"line":141,"column":46}},"type":"binary-expr","locations":[{"start":{"line":141,"column":38},"end":{"line":141,"column":46}},{"start":{"line":141,"column":50},"end":{"line":141,"column":67}}]},"5":{"loc":{"start":{"line":142,"column":48},"end":{"line":142,"column":60}},"type":"cond-expr","locations":[{"start":{"line":142,"column":48},"end":{"line":142,"column":60}},{"start":{"line":142,"column":63},"end":{"line":142,"column":65}}]},"6":{"loc":{"start":{"line":150,"column":52},"end":{"line":150,"column":82}},"type":"if","locations":[{"start":{"line":150,"column":52},"end":{"line":150,"column":82}},{"start":{"line":150,"column":52},"end":{"line":150,"column":82}}]},"7":{"loc":{"start":{"line":167,"column":54},"end":{"line":167,"column":68}},"type":"cond-expr","locations":[{"start":{"line":167,"column":54},"end":{"line":167,"column":68}},{"start":{"line":167,"column":54},"end":{"line":167,"column":69}}]},"8":{"loc":{"start":{"line":167,"column":71},"end":{"line":167,"column":85}},"type":"cond-expr","locations":[{"start":{"line":167,"column":71},"end":{"line":167,"column":85}},{"start":{"line":167,"column":71},"end":{"line":167,"column":86}}]},"9":{"loc":{"start":{"line":168,"column":2},"end":{"line":186,"column":3}},"type":"if","locations":[{"start":{"line":168,"column":2},"end":{"line":186,"column":3}},{"start":{"line":168,"column":2},"end":{"line":186,"column":3}}]},"10":{"loc":{"start":{"line":169,"column":4},"end":{"line":176,"column":5}},"type":"if","locations":[{"start":{"line":169,"column":4},"end":{"line":176,"column":5}},{"start":{"line":169,"column":4},"end":{"line":176,"column":5}}]},"11":{"loc":{"start":{"line":171,"column":8},"end":{"line":173,"column":9}},"type":"if","locations":[{"start":{"line":171,"column":8},"end":{"line":173,"column":9}},{"start":{"line":171,"column":8},"end":{"line":173,"column":9}}]},"12":{"loc":{"start":{"line":181,"column":4},"end":{"line":184,"column":5}},"type":"if","locations":[{"start":{"line":181,"column":4},"end":{"line":184,"column":5}},{"start":{"line":181,"column":4},"end":{"line":184,"column":5}}]},"13":{"loc":{"start":{"line":181,"column":8},"end":{"line":181,"column":22}},"type":"binary-expr","locations":[{"start":{"line":181,"column":8},"end":{"line":181,"column":22}},{"start":{"line":181,"column":26},"end":{"line":181,"column":52}}]}},"s":{"0":21,"1":1,"2":1,"3":1,"4":1,"5":1,"6":1,"7":1,"8":1,"9":1,"10":4,"11":1,"12":1,"13":1,"14":1,"15":1,"16":2,"17":1,"18":1,"19":1,"20":1,"21":1,"22":3,"23":37,"24":19,"25":26,"26":26,"27":26,"28":2,"29":24,"30":24,"31":24,"32":24,"33":50,"34":26,"35":64,"36":64,"37":64,"38":79,"39":158,"40":158,"41":79,"42":36,"43":6,"44":6,"45":1,"46":5,"47":30,"48":43,"49":38,"50":43,"51":1,"52":42,"53":113},"f":{"0":21,"1":1,"2":1,"3":1,"4":1,"5":1,"6":1,"7":1,"8":1,"9":1,"10":4,"11":1,"12":1,"13":1,"14":1,"15":1,"16":2,"17":1,"18":1,"19":1,"20":1,"21":3,"22":19,"23":26,"24":26,"25":64,"26":79,"27":79,"28":6,"29":38,"30":113},"b":{"0":[18,1],"1":[11,15],"2":[2,24],"3":[26,15],"4":[24,8],"5":[4,20],"6":[24,2],"7":[0,79],"8":[0,79],"9":[36,43],"10":[6,30],"11":[1,5],"12":[1,42],"13":[43,43]}}
}
