TN:
SF:/Users/sloop/code/rich-text-html-renderer/src/index.ts
FN:16,(anonymous_1)
FN:17,(anonymous_2)
FN:18,(anonymous_3)
FN:19,(anonymous_4)
FN:20,(anonymous_5)
FN:21,(anonymous_6)
FN:22,(anonymous_7)
FN:23,(anonymous_8)
FN:24,(anonymous_9)
FN:25,(anonymous_10)
FN:26,(anonymous_11)
FN:27,(anonymous_12)
FN:28,(anonymous_13)
FN:29,(anonymous_14)
FN:30,(anonymous_15)
FN:31,(anonymous_16)
FN:32,(anonymous_17)
FN:36,(anonymous_18)
FN:37,(anonymous_19)
FN:38,(anonymous_20)
FN:39,(anonymous_21)
FN:42,(anonymous_22)
FN:76,documentToPlainTextString
FN:130,(anonymous_24)
FN:150,documentToHtmlString
FN:163,nodeListToHtmlString
FN:164,(anonymous_27)
FN:167,nodeToHtmlString
FN:170,(anonymous_29)
FN:180,(anonymous_30)
FN:189,isText
FNF:31
FNH:31
FNDA:21,(anonymous_1)
FNDA:1,(anonymous_2)
FNDA:1,(anonymous_3)
FNDA:1,(anonymous_4)
FNDA:1,(anonymous_5)
FNDA:1,(anonymous_6)
FNDA:1,(anonymous_7)
FNDA:1,(anonymous_8)
FNDA:1,(anonymous_9)
FNDA:1,(anonymous_10)
FNDA:4,(anonymous_11)
FNDA:1,(anonymous_12)
FNDA:1,(anonymous_13)
FNDA:1,(anonymous_14)
FNDA:1,(anonymous_15)
FNDA:1,(anonymous_16)
FNDA:2,(anonymous_17)
FNDA:1,(anonymous_18)
FNDA:1,(anonymous_19)
FNDA:1,(anonymous_20)
FNDA:1,(anonymous_21)
FNDA:3,(anonymous_22)
FNDA:19,documentToPlainTextString
FNDA:26,(anonymous_24)
FNDA:26,documentToHtmlString
FNDA:64,nodeListToHtmlString
FNDA:79,(anonymous_27)
FNDA:79,nodeToHtmlString
FNDA:6,(anonymous_29)
FNDA:38,(anonymous_30)
FNDA:113,isText
DA:16,21
DA:17,1
DA:18,1
DA:19,1
DA:20,1
DA:21,1
DA:22,1
DA:23,1
DA:24,1
DA:25,1
DA:26,4
DA:27,1
DA:28,1
DA:29,1
DA:30,1
DA:31,1
DA:32,2
DA:36,1
DA:37,1
DA:38,1
DA:39,1
DA:42,1
DA:43,3
DA:76,37
DA:129,19
DA:131,26
DA:133,26
DA:137,26
DA:138,2
DA:140,24
DA:141,24
DA:142,24
DA:143,24
DA:150,50
DA:151,26
DA:163,64
DA:164,79
DA:167,158
DA:168,79
DA:169,36
DA:170,6
DA:171,6
DA:172,1
DA:174,5
DA:178,30
DA:180,43
DA:181,43
DA:183,1
DA:185,42
DA:190,113
LF:50
LH:50
BRDA:76,0,0,18
BRDA:76,0,1,1
BRDA:134,1,0,11
BRDA:134,1,1,15
BRDA:137,2,0,2
BRDA:137,2,1,24
BRDA:137,3,0,26
BRDA:137,3,1,15
BRDA:141,4,0,24
BRDA:141,4,1,8
BRDA:142,5,0,4
BRDA:142,5,1,20
BRDA:150,6,0,24
BRDA:150,6,1,2
BRDA:167,7,0,0
BRDA:167,7,1,79
BRDA:167,8,0,0
BRDA:167,8,1,79
BRDA:168,9,0,36
BRDA:168,9,1,43
BRDA:169,10,0,6
BRDA:169,10,1,30
BRDA:171,11,0,1
BRDA:171,11,1,5
BRDA:181,12,0,1
BRDA:181,12,1,42
BRDA:181,13,0,43
BRDA:181,13,1,43
BRF:28
BRH:26
end_of_record
